2023-12-01 21:26:58 ... Bot has been reconnected to DESKTOP-FMK4SJ0
2023-12-01 21:26:58 ... Bot has been reconnected to DESKTOP-FMK4SJ0
2023-12-01 21:27:03 ... Connected to Tebbetts Server
2023-12-01 21:27:03 ... Connected to Tebbetts Server
2023-12-01 21:27:03 ... Connected to Nerd City
2023-12-01 21:27:03 ... Connected to Nerd City
2023-12-01 21:27:33 ... tuckletheknuckle posted a score for boxofficega.me
2023-12-01 21:27:33 ... tuckletheknuckle posted a score for boxofficega.me
2023-12-01 21:27:33 ... tuckletheknuckle posted a score for boxofficega.me
2023-12-01 21:27:33 ... tuckletheknuckle posted a score for boxofficega.me
2023-12-01 21:29:00 ... Bot has been reconnected to DESKTOP-FMK4SJ0
2023-12-01 21:29:00 ... Bot has been reconnected to DESKTOP-FMK4SJ0
2023-12-01 21:29:02 ... Connected to Tebbetts Server
2023-12-01 21:29:02 ... Connected to Tebbetts Server
2023-12-01 21:29:02 ... Connected to Nerd City
2023-12-01 21:29:02 ... Connected to Nerd City
2023-12-01 21:29:02 ... Crossword_Bot is ready!
2023-12-01 21:29:02 ... Crossword_Bot is ready!
2023-12-01 21:29:54 ... Bot has been reconnected to DESKTOP-FMK4SJ0
2023-12-01 21:29:54 ... Bot has been reconnected to DESKTOP-FMK4SJ0
2023-12-01 21:29:56 ... Connected to Tebbetts Server
2023-12-01 21:29:56 ... Connected to Tebbetts Server
2023-12-01 21:29:56 ... Connected to Nerd City
2023-12-01 21:29:56 ... Connected to Nerd City
2023-12-01 21:29:56 ... Crossword_Bot is ready!
2023-12-01 21:29:56 ... Crossword_Bot is ready!
2023-12-01 21:30:04 ... Found svendiamond's #Worldle score from 2023-11-29
2023-12-01 21:30:04 ... Found svendiamond's #Worldle score from 2023-11-29
2023-12-01 21:30:04 ... Found tuckletheknuckle's boxofficega.me score from 2023-11-29
2023-12-01 21:30:04 ... Found tuckletheknuckle's boxofficega.me score from 2023-11-29
2023-12-01 21:30:05 ... Found svendiamond's #travle score from 2023-11-29
2023-12-01 21:30:05 ... Found svendiamond's #travle score from 2023-11-29
2023-12-01 21:30:05 ... Found svendiamond's boxofficega.me score from 2023-11-29
2023-12-01 21:30:05 ... Found svendiamond's boxofficega.me score from 2023-11-29
2023-12-01 21:30:05 ... Found jeskaeli's Wordle score from 2023-11-29
2023-12-01 21:30:05 ... Found jeskaeli's Wordle score from 2023-11-29
2023-12-01 21:30:06 ... Found svendiamond's Connections score from 2023-11-29
2023-12-01 21:30:06 ... Found svendiamond's Connections score from 2023-11-29
2023-12-01 21:30:06 ... Found svendiamond's Wordle score from 2023-11-29
2023-12-01 21:30:06 ... Found svendiamond's Wordle score from 2023-11-29
2023-12-01 21:30:07 ... Found acowinthecrowd's Connections score from 2023-11-29
2023-12-01 21:30:07 ... Found acowinthecrowd's Connections score from 2023-11-29
2023-12-01 21:30:07 ... Found tuckletheknuckle's Connections score from 2023-11-29
2023-12-01 21:30:07 ... Found tuckletheknuckle's Connections score from 2023-11-29
2023-12-01 21:30:07 ... Found tuckletheknuckle's Wordle score from 2023-11-29
2023-12-01 21:30:07 ... Found tuckletheknuckle's Wordle score from 2023-11-29
2023-12-01 21:30:08 ... Found svendiamond's Daily Crosswordle score from 2023-11-29
2023-12-01 21:30:08 ... Found svendiamond's Daily Crosswordle score from 2023-11-29
2023-12-01 21:30:08 ... Found acowinthecrowd's boxofficega.me score from 2023-11-29
2023-12-01 21:30:08 ... Found acowinthecrowd's boxofficega.me score from 2023-11-29
2023-12-01 21:30:09 ... Found evanat's Wordle score from 2023-11-29
2023-12-01 21:30:09 ... Found evanat's Wordle score from 2023-11-29
2023-12-01 21:30:09 ... Found croasus's #Worldle score from 2023-11-29
2023-12-01 21:30:09 ... Found croasus's #Worldle score from 2023-11-29
2023-12-01 21:30:09 ... Found croasus's #travle score from 2023-11-29
2023-12-01 21:30:09 ... Found croasus's #travle score from 2023-11-29
2023-12-01 21:30:10 ... Found croasus's Wordle score from 2023-11-29
2023-12-01 21:30:10 ... Found croasus's Wordle score from 2023-11-29
2023-12-01 21:30:10 ... Found croasus's boxofficega.me score from 2023-11-29
2023-12-01 21:30:10 ... Found croasus's boxofficega.me score from 2023-11-29
2023-12-01 21:30:11 ... Found croasus's Connections score from 2023-11-29
2023-12-01 21:30:11 ... Found croasus's Connections score from 2023-11-29
2023-12-01 21:30:11 ... Found croasus's Daily Crosswordle score from 2023-11-29
2023-12-01 21:30:11 ... Found croasus's Daily Crosswordle score from 2023-11-29
2023-12-01 21:30:11 ... Found aromatt's Daily Crosswordle score from 2023-11-29
2023-12-01 21:30:11 ... Found aromatt's Daily Crosswordle score from 2023-11-29
2023-12-01 21:30:12 ... Found deathknightcador's Wordle score from 2023-11-30
2023-12-01 21:30:12 ... Found deathknightcador's Wordle score from 2023-11-30
2023-12-01 21:30:12 ... Found svendiamond's Wordle score from 2023-11-30
2023-12-01 21:30:12 ... Found svendiamond's Wordle score from 2023-11-30
2023-12-01 21:30:13 ... Found svendiamond's #Worldle score from 2023-11-30
2023-12-01 21:30:13 ... Found svendiamond's #Worldle score from 2023-11-30
2023-12-01 21:30:13 ... Found svendiamond's #travle score from 2023-11-30
2023-12-01 21:30:13 ... Found svendiamond's #travle score from 2023-11-30
2023-12-01 21:30:14 ... Found tuckletheknuckle's Wordle score from 2023-11-30
2023-12-01 21:30:14 ... Found tuckletheknuckle's Wordle score from 2023-11-30
2023-12-01 21:30:14 ... Found tuckletheknuckle's Connections score from 2023-11-30
2023-12-01 21:30:14 ... Found tuckletheknuckle's Connections score from 2023-11-30
2023-12-01 21:30:14 ... Found deathknightcador's Wordle score from 2023-11-30
2023-12-01 21:30:14 ... Found deathknightcador's Wordle score from 2023-11-30
2023-12-01 21:32:25 ... Bot has been reconnected to DESKTOP-FMK4SJ0
2023-12-01 21:32:25 ... Bot has been reconnected to DESKTOP-FMK4SJ0
2023-12-01 21:32:27 ... Connected to Tebbetts Server
2023-12-01 21:32:27 ... Connected to Tebbetts Server
2023-12-01 21:32:27 ... Connected to Nerd City
2023-12-01 21:32:27 ... Connected to Nerd City
2023-12-01 21:32:27 ... Crossword_Bot is ready!
2023-12-01 21:32:27 ... Crossword_Bot is ready!
2023-12-01 21:32:35 ... Bot has been reconnected to DESKTOP-FMK4SJ0
2023-12-01 21:32:35 ... Bot has been reconnected to DESKTOP-FMK4SJ0
2023-12-01 21:32:37 ... Connected to Tebbetts Server
2023-12-01 21:32:37 ... Connected to Tebbetts Server
2023-12-01 21:32:37 ... Connected to Nerd City
2023-12-01 21:32:37 ... Connected to Nerd City
2023-12-01 21:32:37 ... Crossword_Bot is ready!
2023-12-01 21:32:37 ... Crossword_Bot is ready!
2023-12-01 21:32:53 ... Bot has been reconnected to DESKTOP-FMK4SJ0
2023-12-01 21:32:53 ... Bot has been reconnected to DESKTOP-FMK4SJ0
2023-12-01 21:32:54 ... Found svendiamond's #Worldle score from 2023-11-29
2023-12-01 21:32:54 ... Found svendiamond's #Worldle score from 2023-11-29
2023-12-01 21:32:55 ... Connected to Tebbetts Server
2023-12-01 21:32:55 ... Connected to Tebbetts Server
2023-12-01 21:32:55 ... Connected to Nerd City
2023-12-01 21:32:55 ... Connected to Nerd City
2023-12-01 21:32:55 ... Crossword_Bot is ready!
2023-12-01 21:32:55 ... Crossword_Bot is ready!
2023-12-01 21:33:57 ... Bot has been reconnected to DESKTOP-FMK4SJ0
2023-12-01 21:33:57 ... Bot has been reconnected to DESKTOP-FMK4SJ0
2023-12-01 21:33:59 ... Connected to Tebbetts Server
2023-12-01 21:33:59 ... Connected to Tebbetts Server
2023-12-01 21:33:59 ... Connected to Nerd City
2023-12-01 21:33:59 ... Connected to Nerd City
2023-12-01 21:33:59 ... Crossword_Bot is ready!
2023-12-01 21:33:59 ... Crossword_Bot is ready!
2023-12-01 21:34:03 ... Found svendiamond's #Worldle score from 2023-11-29
2023-12-01 21:34:03 ... Found svendiamond's #Worldle score from 2023-11-29
2023-12-01 21:35:36 ... Bot has been reconnected to DESKTOP-FMK4SJ0
2023-12-01 21:35:36 ... Bot has been reconnected to DESKTOP-FMK4SJ0
2023-12-01 21:35:38 ... Connected to Tebbetts Server
2023-12-01 21:35:38 ... Connected to Tebbetts Server
2023-12-01 21:35:38 ... Connected to Nerd City
2023-12-01 21:35:38 ... Connected to Nerd City
2023-12-01 21:35:38 ... Crossword_Bot is ready!
2023-12-01 21:35:38 ... Crossword_Bot is ready!
2023-12-01 21:35:50 ... Found svendiamond's #Worldle score from 2023-11-29
2023-12-01 21:35:50 ... Found svendiamond's #Worldle score from 2023-11-29
2023-12-01 21:35:50 ... Found tuckletheknuckle's boxofficega.me score from 2023-11-29
2023-12-01 21:35:50 ... Found tuckletheknuckle's boxofficega.me score from 2023-11-29
2023-12-01 21:35:51 ... Found svendiamond's #travle score from 2023-11-29
2023-12-01 21:35:51 ... Found svendiamond's #travle score from 2023-11-29
2023-12-01 21:35:52 ... Found svendiamond's boxofficega.me score from 2023-11-29
2023-12-01 21:35:52 ... Found svendiamond's boxofficega.me score from 2023-11-29
2023-12-01 21:35:52 ... Found jeskaeli's Wordle score from 2023-11-29
2023-12-01 21:35:52 ... Found jeskaeli's Wordle score from 2023-11-29
2023-12-01 21:35:53 ... Found svendiamond's Connections score from 2023-11-29
2023-12-01 21:35:53 ... Found svendiamond's Connections score from 2023-11-29
2023-12-01 21:35:54 ... Found svendiamond's Wordle score from 2023-11-29
2023-12-01 21:35:54 ... Found svendiamond's Wordle score from 2023-11-29
2023-12-01 21:35:54 ... Found acowinthecrowd's Connections score from 2023-11-29
2023-12-01 21:35:54 ... Found acowinthecrowd's Connections score from 2023-11-29
2023-12-01 21:35:55 ... Found tuckletheknuckle's Connections score from 2023-11-29
2023-12-01 21:35:55 ... Found tuckletheknuckle's Connections score from 2023-11-29
2023-12-01 21:35:55 ... Found tuckletheknuckle's Wordle score from 2023-11-29
2023-12-01 21:35:55 ... Found tuckletheknuckle's Wordle score from 2023-11-29
2023-12-01 21:35:56 ... Found svendiamond's Daily Crosswordle score from 2023-11-29
2023-12-01 21:35:56 ... Found svendiamond's Daily Crosswordle score from 2023-11-29
2023-12-01 21:35:57 ... Found acowinthecrowd's boxofficega.me score from 2023-11-29
2023-12-01 21:35:57 ... Found acowinthecrowd's boxofficega.me score from 2023-11-29
2023-12-01 21:35:57 ... Found evanat's Wordle score from 2023-11-29
2023-12-01 21:35:57 ... Found evanat's Wordle score from 2023-11-29
2023-12-01 21:35:58 ... Found croasus's #Worldle score from 2023-11-29
2023-12-01 21:35:58 ... Found croasus's #Worldle score from 2023-11-29
2023-12-01 21:35:58 ... Found croasus's #travle score from 2023-11-29
2023-12-01 21:35:58 ... Found croasus's #travle score from 2023-11-29
2023-12-01 21:35:59 ... Found croasus's Wordle score from 2023-11-29
2023-12-01 21:35:59 ... Found croasus's Wordle score from 2023-11-29
2023-12-01 21:35:59 ... Found croasus's boxofficega.me score from 2023-11-29
2023-12-01 21:35:59 ... Found croasus's boxofficega.me score from 2023-11-29
2023-12-01 21:36:00 ... Found croasus's Connections score from 2023-11-29
2023-12-01 21:36:00 ... Found croasus's Connections score from 2023-11-29
2023-12-01 21:36:00 ... Found croasus's Daily Crosswordle score from 2023-11-29
2023-12-01 21:36:00 ... Found croasus's Daily Crosswordle score from 2023-11-29
2023-12-01 21:36:01 ... Found aromatt's Daily Crosswordle score from 2023-11-29
2023-12-01 21:36:01 ... Found aromatt's Daily Crosswordle score from 2023-11-29
2023-12-01 21:36:02 ... Found deathknightcador's Wordle score from 2023-11-30
2023-12-01 21:36:02 ... Found deathknightcador's Wordle score from 2023-11-30
2023-12-01 21:36:02 ... Found svendiamond's Wordle score from 2023-11-30
2023-12-01 21:36:02 ... Found svendiamond's Wordle score from 2023-11-30
2023-12-01 21:36:03 ... Found svendiamond's #Worldle score from 2023-11-30
2023-12-01 21:36:03 ... Found svendiamond's #Worldle score from 2023-11-30
2023-12-01 21:36:04 ... Found svendiamond's #travle score from 2023-11-30
2023-12-01 21:36:04 ... Found svendiamond's #travle score from 2023-11-30
2023-12-01 21:36:04 ... Found tuckletheknuckle's Wordle score from 2023-11-30
2023-12-01 21:36:04 ... Found tuckletheknuckle's Wordle score from 2023-11-30
2023-12-01 21:36:05 ... Found tuckletheknuckle's Connections score from 2023-11-30
2023-12-01 21:36:05 ... Found tuckletheknuckle's Connections score from 2023-11-30
2023-12-01 21:36:06 ... Found deathknightcador's Wordle score from 2023-11-30
2023-12-01 21:36:06 ... Found deathknightcador's Wordle score from 2023-11-30
2023-12-01 21:40:27 ... Bot has been reconnected to DESKTOP-FMK4SJ0
2023-12-01 21:40:27 ... Bot has been reconnected to DESKTOP-FMK4SJ0
2023-12-01 21:40:29 ... Connected to Tebbetts Server
2023-12-01 21:40:29 ... Connected to Tebbetts Server
2023-12-01 21:40:29 ... Connected to Nerd City
2023-12-01 21:40:29 ... Connected to Nerd City
2023-12-01 21:40:29 ... Crossword_Bot is ready!
2023-12-01 21:40:29 ... Crossword_Bot is ready!
2023-12-01 21:40:44 ... Found svendiamond's #travle score from 2023-12-01
2023-12-01 21:40:44 ... Found svendiamond's #travle score from 2023-12-01
2023-12-01 21:40:45 ... Found svendiamond's boxofficega.me score from 2023-12-01
2023-12-01 21:40:45 ... Found svendiamond's boxofficega.me score from 2023-12-01
2023-12-01 21:40:45 ... Found svendiamond's Connections score from 2023-12-01
2023-12-01 21:40:45 ... Found svendiamond's Connections score from 2023-12-01
2023-12-01 21:40:46 ... Found svendiamond's #Worldle score from 2023-12-01
2023-12-01 21:40:46 ... Found svendiamond's #Worldle score from 2023-12-01
2023-12-01 21:40:47 ... Found svendiamond's Daily Crosswordle score from 2023-12-01
2023-12-01 21:40:47 ... Found svendiamond's Daily Crosswordle score from 2023-12-01
2023-12-01 21:40:47 ... Found tuckletheknuckle's Wordle score from 2023-12-01
2023-12-01 21:40:47 ... Found tuckletheknuckle's Wordle score from 2023-12-01
2023-12-01 21:40:48 ... Found svendiamond's Wordle score from 2023-12-01
2023-12-01 21:40:48 ... Found svendiamond's Wordle score from 2023-12-01
2023-12-01 21:40:49 ... Found deathknightcador's Wordle score from 2023-12-01
2023-12-01 21:40:49 ... Found deathknightcador's Wordle score from 2023-12-01
2023-12-01 21:40:49 ... Found jeskaeli's Wordle score from 2023-12-01
2023-12-01 21:40:49 ... Found jeskaeli's Wordle score from 2023-12-01
2023-12-01 21:40:50 ... Found evanat's Wordle score from 2023-12-01
2023-12-01 21:40:50 ... Found evanat's Wordle score from 2023-12-01
2023-12-01 21:40:51 ... Found croasus's Daily Crosswordle score from 2023-12-01
2023-12-01 21:40:51 ... Found croasus's Daily Crosswordle score from 2023-12-01
2023-12-01 21:40:51 ... Found croasus's #Worldle score from 2023-12-01
2023-12-01 21:40:51 ... Found croasus's #Worldle score from 2023-12-01
2023-12-01 21:40:52 ... Found croasus's #travle score from 2023-12-01
2023-12-01 21:40:52 ... Found croasus's #travle score from 2023-12-01
2023-12-01 21:40:52 ... Found croasus's Connections score from 2023-12-01
2023-12-01 21:40:52 ... Found croasus's Connections score from 2023-12-01
2023-12-01 21:40:53 ... Found croasus's Wordle score from 2023-12-01
2023-12-01 21:40:53 ... Found croasus's Wordle score from 2023-12-01
2023-12-01 21:40:53 ... Found croasus's boxofficega.me score from 2023-12-01
2023-12-01 21:40:53 ... Found croasus's boxofficega.me score from 2023-12-01
2023-12-01 21:40:54 ... Found deathknightcador's Connections score from 2023-12-01
2023-12-01 21:40:54 ... Found deathknightcador's Connections score from 2023-12-01
2023-12-01 21:40:55 ... Found acowinthecrowd's Connections score from 2023-12-02
2023-12-01 21:40:55 ... Found acowinthecrowd's Connections score from 2023-12-02
2023-12-01 21:40:55 ... Found acowinthecrowd's boxofficega.me score from 2023-12-02
2023-12-01 21:40:55 ... Found acowinthecrowd's boxofficega.me score from 2023-12-02
2023-12-01 21:41:50 ... Bot has been reconnected to DESKTOP-FMK4SJ0
2023-12-01 21:41:50 ... Bot has been reconnected to DESKTOP-FMK4SJ0
2023-12-01 21:41:53 ... Connected to Tebbetts Server
2023-12-01 21:41:53 ... Connected to Tebbetts Server
2023-12-01 21:41:53 ... Connected to Nerd City
2023-12-01 21:41:53 ... Connected to Nerd City
2023-12-01 21:41:53 ... Found tuckletheknuckle's boxofficega.me score from 2023-12-02
2023-12-01 21:41:53 ... Found tuckletheknuckle's boxofficega.me score from 2023-12-02
2023-12-01 21:41:53 ... Found acowinthecrowd's boxofficega.me score from 2023-12-02
2023-12-01 21:41:53 ... Found acowinthecrowd's boxofficega.me score from 2023-12-02
2023-12-01 21:41:54 ... Found acowinthecrowd's Connections score from 2023-12-02
2023-12-01 21:41:54 ... Found acowinthecrowd's Connections score from 2023-12-02
2023-12-01 21:41:54 ... Found deathknightcador's Connections score from 2023-12-01
2023-12-01 21:41:54 ... Found deathknightcador's Connections score from 2023-12-01
2023-12-01 21:41:55 ... Found croasus's boxofficega.me score from 2023-12-01
2023-12-01 21:41:55 ... Found croasus's boxofficega.me score from 2023-12-01
2023-12-01 21:41:56 ... Found croasus's Wordle score from 2023-12-01
2023-12-01 21:41:56 ... Found croasus's Wordle score from 2023-12-01
2023-12-01 21:41:56 ... Found croasus's Connections score from 2023-12-01
2023-12-01 21:41:56 ... Found croasus's Connections score from 2023-12-01
2023-12-01 21:41:57 ... Found croasus's #travle score from 2023-12-01
2023-12-01 21:41:57 ... Found croasus's #travle score from 2023-12-01
2023-12-01 21:41:58 ... Found croasus's #Worldle score from 2023-12-01
2023-12-01 21:41:58 ... Found croasus's #Worldle score from 2023-12-01
2023-12-01 21:41:58 ... Found croasus's Daily Crosswordle score from 2023-12-01
2023-12-01 21:41:58 ... Found croasus's Daily Crosswordle score from 2023-12-01
2023-12-01 21:41:59 ... Found evanat's Wordle score from 2023-12-01
2023-12-01 21:41:59 ... Found evanat's Wordle score from 2023-12-01
2023-12-01 21:41:59 ... Found jeskaeli's Wordle score from 2023-12-01
2023-12-01 21:41:59 ... Found jeskaeli's Wordle score from 2023-12-01
2023-12-01 21:47:55 ... Bot has been reconnected to DESKTOP-FMK4SJ0
2023-12-01 21:47:55 ... Bot has been reconnected to DESKTOP-FMK4SJ0
2023-12-01 21:47:57 ... Connected to Tebbetts Server
2023-12-01 21:47:57 ... Connected to Tebbetts Server
2023-12-01 21:47:57 ... Connected to Nerd City
2023-12-01 21:47:57 ... Connected to Nerd City
2023-12-01 21:47:58 ... Crossword_Bot is ready!
2023-12-01 21:47:58 ... Crossword_Bot is ready!
2023-12-01 21:52:57 ... Bot has been reconnected to DESKTOP-FMK4SJ0
2023-12-01 21:52:57 ... Bot has been reconnected to DESKTOP-FMK4SJ0
2023-12-01 21:52:59 ... Connected to Tebbetts Server
2023-12-01 21:52:59 ... Connected to Tebbetts Server
2023-12-01 21:52:59 ... Connected to Nerd City
2023-12-01 21:52:59 ... Connected to Nerd City
2023-12-01 21:52:59 ... Crossword_Bot is ready!
2023-12-01 21:52:59 ... Crossword_Bot is ready!
2023-12-01 22:00:59 ... Time to post final!
2023-12-01 22:00:59 ... Time to post final!
2023-12-01 22:01:04 ... Posting Final Mini Leaderboard for Tebbetts Server
2023-12-01 22:01:04 ... Posting Final Mini Leaderboard for Tebbetts Server
2023-12-01 22:02:55 ... Bot has been reconnected to DESKTOP-FMK4SJ0
2023-12-01 22:02:55 ... Bot has been reconnected to DESKTOP-FMK4SJ0
2023-12-01 22:02:57 ... Connected to Tebbetts Server
2023-12-01 22:02:57 ... Connected to Tebbetts Server
2023-12-01 22:02:57 ... Connected to Nerd City
2023-12-01 22:02:57 ... Connected to Nerd City
2023-12-01 22:02:57 ... Crossword_Bot is ready!
2023-12-01 22:02:57 ... Crossword_Bot is ready!
2023-12-01 22:03:06 ... Nerd City user svendiamond requested mini leaderboard for 2023-12-01.
2023-12-01 22:03:06 ... Nerd City user svendiamond requested mini leaderboard for 2023-12-01.
2023-12-01 22:03:42 ... Bot has been reconnected to DESKTOP-FMK4SJ0
2023-12-01 22:03:42 ... Bot has been reconnected to DESKTOP-FMK4SJ0
2023-12-01 22:03:44 ... Connected to Tebbetts Server
2023-12-01 22:03:44 ... Connected to Tebbetts Server
2023-12-01 22:03:44 ... Connected to Nerd City
2023-12-01 22:03:44 ... Connected to Nerd City
2023-12-01 22:03:44 ... Crossword_Bot is ready!
2023-12-01 22:03:44 ... Crossword_Bot is ready!
2023-12-01 22:03:51 ... Nerd City user svendiamond requested mini leaderboard for 2023-12-01.
2023-12-01 22:03:51 ... Nerd City user svendiamond requested mini leaderboard for 2023-12-01.
2023-12-01 22:04:23 ... Bot has been reconnected to DESKTOP-FMK4SJ0
2023-12-01 22:04:23 ... Bot has been reconnected to DESKTOP-FMK4SJ0
2023-12-01 22:04:25 ... Connected to Tebbetts Server
2023-12-01 22:04:25 ... Connected to Tebbetts Server
2023-12-01 22:04:25 ... Connected to Nerd City
2023-12-01 22:04:25 ... Connected to Nerd City
2023-12-01 22:04:25 ... Crossword_Bot is ready!
2023-12-01 22:04:25 ... Crossword_Bot is ready!
2023-12-01 22:04:30 ... Nerd City user svendiamond requested mini leaderboard for 2023-12-01.
2023-12-01 22:04:30 ... Nerd City user svendiamond requested mini leaderboard for 2023-12-01.
2023-12-01 22:11:09 ... Bot has been reconnected to DESKTOP-FMK4SJ0
2023-12-01 22:11:09 ... Bot has been reconnected to DESKTOP-FMK4SJ0
2023-12-01 22:11:11 ... Connected to Tebbetts Server
2023-12-01 22:11:11 ... Connected to Tebbetts Server
2023-12-01 22:11:11 ... Connected to Nerd City
2023-12-01 22:11:11 ... Connected to Nerd City
2023-12-01 22:11:11 ... Crossword_Bot is ready!
2023-12-01 22:11:11 ... Crossword_Bot is ready!
2023-12-01 22:11:14 ... Nerd City user svendiamond requested mini leaderboard for 2023-12-01.
2023-12-01 22:11:14 ... Nerd City user svendiamond requested mini leaderboard for 2023-12-01.
2023-12-01 22:23:09 ... Bot has been reconnected to DESKTOP-FMK4SJ0
2023-12-01 22:23:09 ... Bot has been reconnected to DESKTOP-FMK4SJ0
2023-12-01 22:23:11 ... Connected to Tebbetts Server
2023-12-01 22:23:11 ... Connected to Tebbetts Server
2023-12-01 22:23:11 ... Connected to Nerd City
2023-12-01 22:23:11 ... Connected to Nerd City
2023-12-01 22:23:12 ... Crossword_Bot is ready!
2023-12-01 22:23:12 ... Crossword_Bot is ready!
2023-12-01 22:23:17 ... Nerd City user svendiamond requested mini leaderboard for today.
2023-12-01 22:23:17 ... Nerd City user svendiamond requested mini leaderboard for today.
2023-12-01 22:34:16 ... Bot has been reconnected to DESKTOP-FMK4SJ0
2023-12-01 22:34:16 ... Bot has been reconnected to DESKTOP-FMK4SJ0
2023-12-01 22:34:18 ... Connected to Tebbetts Server
2023-12-01 22:34:18 ... Connected to Tebbetts Server
2023-12-01 22:34:18 ... Connected to Nerd City
2023-12-01 22:34:18 ... Connected to Nerd City
2023-12-01 22:34:18 ... Crossword_Bot is ready!
2023-12-01 22:34:18 ... Crossword_Bot is ready!
2023-12-01 22:34:19 ... Nerd City user svendiamond requested mini leaderboard for today.
2023-12-01 22:34:19 ... Nerd City user svendiamond requested mini leaderboard for today.
2023-12-01 22:37:34 ... Bot has been reconnected to DESKTOP-FMK4SJ0
2023-12-01 22:37:34 ... Bot has been reconnected to DESKTOP-FMK4SJ0
2023-12-01 22:37:36 ... Connected to Tebbetts Server
2023-12-01 22:37:36 ... Connected to Tebbetts Server
2023-12-01 22:37:36 ... Connected to Nerd City
2023-12-01 22:37:36 ... Connected to Nerd City
2023-12-01 22:37:36 ... Crossword_Bot is ready!
2023-12-01 22:37:36 ... Crossword_Bot is ready!
2023-12-01 22:37:37 ... Nerd City user svendiamond requested mini leaderboard for today.
2023-12-01 22:37:37 ... Nerd City user svendiamond requested mini leaderboard for today.
2023-12-01 22:52:36 ... Bot has been reconnected to DESKTOP-FMK4SJ0
2023-12-01 22:52:36 ... Bot has been reconnected to DESKTOP-FMK4SJ0
2023-12-01 22:52:40 ... Connected to Tebbetts Server
2023-12-01 22:52:40 ... Connected to Tebbetts Server
2023-12-01 22:52:40 ... Connected to Nerd City
2023-12-01 22:52:40 ... Connected to Nerd City
2023-12-01 22:52:40 ... svendiamond posted a score for boxofficega.me
2023-12-01 22:52:40 ... svendiamond posted a score for boxofficega.me
2023-12-01 22:52:40 ... svendiamond posted a score for boxofficega.me
2023-12-01 22:52:40 ... svendiamond posted a score for boxofficega.me
2023-12-01 22:52:40 ... Crossword_Bot is ready!
2023-12-01 22:52:40 ... Crossword_Bot is ready!
2023-12-02 12:08:43 ... Bot has been reconnected to DESKTOP-FMK4SJ0
2023-12-02 12:08:43 ... Bot has been reconnected to DESKTOP-FMK4SJ0
2023-12-02 12:08:45 ... Connected to Tebbetts Server
2023-12-02 12:08:45 ... Connected to Tebbetts Server
2023-12-02 12:08:45 ... Connected to Nerd City
2023-12-02 12:08:45 ... Connected to Nerd City
2023-12-02 12:08:46 ... Crossword_Bot is ready!
2023-12-02 12:08:46 ... Crossword_Bot is ready!
2023-12-02 12:09:05 ... svendiamond posted a score for #Worldle
2023-12-02 12:09:05 ... svendiamond posted a score for #Worldle
2023-12-02 12:09:05 ... svendiamond posted a score for #Worldle
2023-12-02 12:09:05 ... svendiamond posted a score for #Worldle
2023-12-02 12:09:22 ... Found svendiamond's #Worldle score from 2023-12-02
2023-12-02 12:09:22 ... Found svendiamond's #Worldle score from 2023-12-02
2023-12-02 12:09:23 ... Found svendiamond's boxofficega.me score from 2023-12-01
2023-12-02 12:09:23 ... Found svendiamond's boxofficega.me score from 2023-12-01
2023-12-02 12:10:07 ... svendiamond posted a score for #travle
2023-12-02 12:10:07 ... svendiamond posted a score for #travle
2023-12-02 12:10:07 ... svendiamond posted a score for #travle
2023-12-02 12:10:07 ... svendiamond posted a score for #travle
2023-12-02 12:10:15 ... svendiamond posted a score for boxofficega.me
2023-12-02 12:10:15 ... svendiamond posted a score for boxofficega.me
2023-12-02 12:10:15 ... svendiamond posted a score for boxofficega.me
2023-12-02 12:10:15 ... svendiamond posted a score for boxofficega.me
2023-12-02 12:10:22 ... Found acowinthecrowd's boxofficega.me score from 2023-12-02
2023-12-02 12:10:22 ... Found acowinthecrowd's boxofficega.me score from 2023-12-02
2023-12-02 12:10:22 ... Found tuckletheknuckle's Connections score from 2023-12-02
2023-12-02 12:10:22 ... Found tuckletheknuckle's Connections score from 2023-12-02
2023-12-02 12:10:23 ... Found tuckletheknuckle's Wordle score from 2023-12-02
2023-12-02 12:10:23 ... Found tuckletheknuckle's Wordle score from 2023-12-02
2023-12-02 12:10:24 ... Found tuckletheknuckle's boxofficega.me score from 2023-12-02
2023-12-02 12:10:24 ... Found tuckletheknuckle's boxofficega.me score from 2023-12-02
2023-12-02 12:10:24 ... Found svendiamond's boxofficega.me score from 2023-12-02
2023-12-02 12:10:24 ... Found svendiamond's boxofficega.me score from 2023-12-02
2023-12-02 12:10:25 ... Found svendiamond's #travle score from 2023-12-02
2023-12-02 12:10:25 ... Found svendiamond's #travle score from 2023-12-02
2023-12-02 12:10:26 ... Found svendiamond's #Worldle score from 2023-12-02
2023-12-02 12:10:26 ... Found svendiamond's #Worldle score from 2023-12-02
2023-12-02 12:10:26 ... Found acowinthecrowd's Connections score from 2023-12-02
2023-12-02 12:10:26 ... Found acowinthecrowd's Connections score from 2023-12-02
2023-12-02 12:10:27 ... Found tuckletheknuckle's boxofficega.me score from 2023-12-01
2023-12-02 12:10:27 ... Found tuckletheknuckle's boxofficega.me score from 2023-12-01
2023-12-02 12:10:27 ... Found acowinthecrowd's boxofficega.me score from 2023-12-01
2023-12-02 12:10:27 ... Found acowinthecrowd's boxofficega.me score from 2023-12-01
2023-12-02 12:10:28 ... Found acowinthecrowd's Connections score from 2023-12-01
2023-12-02 12:10:28 ... Found acowinthecrowd's Connections score from 2023-12-01
2023-12-02 12:10:29 ... Found deathknightcador's Connections score from 2023-12-01
2023-12-02 12:10:29 ... Found deathknightcador's Connections score from 2023-12-01
2023-12-02 12:10:29 ... Found acowinthecrowd's TimeGuessr score from 2023-12-01
2023-12-02 12:10:29 ... Found acowinthecrowd's TimeGuessr score from 2023-12-01
2023-12-02 12:10:30 ... Found croasus's TimeGuessr score from 2023-12-01
2023-12-02 12:10:30 ... Found croasus's TimeGuessr score from 2023-12-01
2023-12-02 12:12:56 ... Bot has been reconnected to DESKTOP-FMK4SJ0
2023-12-02 12:12:56 ... Bot has been reconnected to DESKTOP-FMK4SJ0
2023-12-02 12:12:58 ... Connected to Tebbetts Server
2023-12-02 12:12:58 ... Connected to Tebbetts Server
2023-12-02 12:12:58 ... Connected to Nerd City
2023-12-02 12:12:58 ... Connected to Nerd City
2023-12-02 12:12:58 ... Crossword_Bot is ready!
2023-12-02 12:12:58 ... Crossword_Bot is ready!
2023-12-02 13:20:54 ... Found mattdumb420's Connections score from 2023-12-02
2023-12-02 13:20:54 ... Found mattdumb420's Connections score from 2023-12-02
2023-12-02 13:20:55 ... Found mattdumb420's Wordle score from 2023-12-02
2023-12-02 13:20:55 ... Found mattdumb420's Wordle score from 2023-12-02
2023-12-02 13:20:55 ... Found dalaraen's boxofficega.me score from 2023-12-01
2023-12-02 13:20:55 ... Found dalaraen's boxofficega.me score from 2023-12-01
2023-12-02 13:39:37 ... Bot has been disconnected from DESKTOP-FMK4SJ0
2023-12-02 13:39:37 ... Bot has been disconnected from DESKTOP-FMK4SJ0
2023-12-02 13:39:37 ... Bot has been disconnected from DESKTOP-FMK4SJ0
2023-12-02 13:39:37 ... Bot has been disconnected from DESKTOP-FMK4SJ0
2023-12-02 13:39:42 ... Bot has been reconnected to DESKTOP-FMK4SJ0
2023-12-02 13:39:42 ... Bot has been reconnected to DESKTOP-FMK4SJ0
2023-12-02 13:39:44 ... Connected to Tebbetts Server
2023-12-02 13:39:44 ... Connected to Tebbetts Server
2023-12-02 13:39:44 ... Connected to Nerd City
2023-12-02 13:39:44 ... Connected to Nerd City
2023-12-02 13:39:44 ... Crossword_Bot is ready!
2023-12-02 13:39:44 ... Crossword_Bot is ready!
2023-12-09 09:16:34 ... Bot has been reconnected to DESKTOP-FMK4SJ0
2023-12-09 09:16:38 ... Connected to Games Tracker
2023-12-09 09:16:38 ... Crossword_Bot_Tester is ready!
2023-12-09 11:23:06 ... Bot has been disconnected from DESKTOP-FMK4SJ0
2023-12-09 11:23:06 ... Bot has been disconnected from DESKTOP-FMK4SJ0
2023-12-09 11:23:11 ... Bot has been reconnected to DESKTOP-FMK4SJ0
2023-12-09 11:23:13 ... Connected to Games Tracker
2023-12-09 11:23:15 ... Crossword_Bot_Tester is ready!
2023-12-09 12:40:08 ... Bot has been disconnected from DESKTOP-FMK4SJ0
2023-12-09 12:40:08 ... Bot has been disconnected from DESKTOP-FMK4SJ0
2023-12-09 12:40:13 ... Bot has been reconnected to DESKTOP-FMK4SJ0
2023-12-09 12:40:15 ... Connected to Games Tracker
2023-12-09 12:40:16 ... Crossword_Bot_Tester is ready!
2023-12-09 13:58:58 ... Bot has been disconnected from DESKTOP-FMK4SJ0
2023-12-09 13:58:58 ... Bot has been disconnected from DESKTOP-FMK4SJ0
2023-12-09 13:59:03 ... Bot has been reconnected to DESKTOP-FMK4SJ0
2023-12-09 13:59:05 ... Connected to Games Tracker
2023-12-09 13:59:05 ... Crossword_Bot_Tester is ready!
2023-12-09 14:59:46 ... Bot has been disconnected from DESKTOP-FMK4SJ0
2023-12-09 16:34:37 ... 2023-12-09 16:34:37.461573: Bot has been reconnected to DESKTOP-FMK4SJ0
2023-12-09 16:34:39 ... 2023-12-09 16:34:39.470648: Crossword_Bot_Tester is ready!
2023-12-09 16:34:39 ... 2023-12-09 16:34:39.472152: Connected to Games Tracker
2023-12-09 16:37:53 ... 2023-12-09 16:37:53.264760: Message saved to file
2023-12-09 16:37:53 ... 2023-12-09 16:37:53.265763: Games Tracker user svendiamond requested mini leaderboard for today.
2023-12-09 16:37:53 ... 2023-12-09 16:37:53.402955: Error in bot_sql.py line 46: bot_print() takes 1 positional argument but 2 were given
2023-12-09 16:37:53 ... 2023-12-09 16:37:53.402955: got query into dataframe
2023-12-09 16:49:37 ... 2023-12-09 16:49:37.370364: Bot has been reconnected to DESKTOP-FMK4SJ0
2023-12-09 16:49:39 ... 2023-12-09 16:49:39.372640: Crossword_Bot_Tester is ready!
2023-12-09 16:49:39 ... 2023-12-09 16:49:39.374149: Connected to Games Tracker
2023-12-09 16:49:48 ... 2023-12-09 16:49:48.669075: Message saved to file
2023-12-09 16:49:48 ... 2023-12-09 16:49:48.669075: Games Tracker user svendiamond requested mini leaderboard for today.
2023-12-09 16:49:48 ... 2023-12-09 16:49:48.796153: Query to execute: 
            SELECT 
                game_rank,
                player_name,
                game_score,
                points
            FROM game_view
            WHERE guild_id = %s
            AND game_date BETWEEN %s AND %s
            AND game_name = %s
            ORDER BY game_rank;
        
2023-12-09 16:49:48 ... 2023-12-09 16:49:48.798156: Parameters to use: ('1096943693463814167', '2023-12-09', '2023-12-09', 'mini')
2023-12-09 16:49:54 ... 2023-12-09 16:49:54.196707: Error in bot_sql.py line 46: object NoneType can't be used in 'await' expression
2023-12-09 16:49:54 ... 2023-12-09 16:49:54.197712: got query into dataframe
2023-12-09 16:50:37 ... 2023-12-09 16:50:37.400956: Bot has been reconnected to DESKTOP-FMK4SJ0
2023-12-09 16:50:39 ... 2023-12-09 16:50:39.403388: Crossword_Bot_Tester is ready!
2023-12-09 16:50:39 ... 2023-12-09 16:50:39.404388: Connected to Games Tracker
2023-12-09 16:51:45 ... 2023-12-09 16:51:45.958005: Bot has been reconnected to DESKTOP-FMK4SJ0
2023-12-09 16:51:47 ... 2023-12-09 16:51:47.959057: Crossword_Bot_Tester is ready!
2023-12-09 16:51:47 ... 2023-12-09 16:51:47.960057: Connected to Games Tracker
2023-12-09 16:51:48 ... 2023-12-09 16:51:48.824981: Message saved to file
2023-12-09 16:51:48 ... 2023-12-09 16:51:48.825510: Games Tracker user svendiamond requested mini leaderboard for today.
2023-12-09 16:51:48 ... 2023-12-09 16:51:48.952678: Query to execute: 
            SELECT 
                game_rank,
                player_name,
                game_score,
                points
            FROM game_view
            WHERE guild_id = %s
            AND game_date BETWEEN %s AND %s
            AND game_name = %s
            ORDER BY game_rank;
        
2023-12-09 16:51:48 ... 2023-12-09 16:51:48.953755: Parameters to use: ('1096943693463814167', '2023-12-09', '2023-12-09', 'mini')
2023-12-09 16:51:54 ... 2023-12-09 16:51:54.013659: Error in bot_sql.py line 46: object NoneType can't be used in 'await' expression
2023-12-09 16:51:54 ... 2023-12-09 16:51:54.014661: Successfully ran the leaderboard query and put into dataframe
2023-12-09 16:51:54 ... 2023-12-09 16:51:54.025671: Error when trying to generate image: tile cannot extend outside image
2023-12-09 16:55:25 ... 2023-12-09 16:55:25.284134: Bot has been reconnected to DESKTOP-FMK4SJ0
2023-12-09 16:55:27 ... 2023-12-09 16:55:27.287200: Crossword_Bot_Tester is ready!
2023-12-09 16:55:27 ... 2023-12-09 16:55:27.288703: Connected to Games Tracker
2023-12-09 16:55:40 ... 2023-12-09 16:55:40.480044: Message saved to file
2023-12-09 16:55:40 ... 2023-12-09 16:55:40.480044: Games Tracker user svendiamond requested mini leaderboard for today.
2023-12-09 16:55:40 ... 2023-12-09 16:55:40.604714: Query to execute: 
            SELECT 
                game_rank,
                player_name,
                game_score,
                points
            FROM game_view
            WHERE guild_id = %s
            AND game_date BETWEEN %s AND %s
            AND game_name = %s
            ORDER BY game_rank;
        
2023-12-09 16:55:40 ... 2023-12-09 16:55:40.605714: Parameters to use: ('1096943693463814167', '2023-12-09', '2023-12-09', 'mini')
2023-12-09 16:55:45 ... 2023-12-09 16:55:45.911266: Error in bot_sql.py line 46: object NoneType can't be used in 'await' expression
2023-12-09 16:55:45 ... 2023-12-09 16:55:45.912772: Successfully ran the leaderboard query and put into dataframe
2023-12-09 16:55:45 ... 2023-12-09 16:55:45.938342: Error when trying to generate image: tile cannot extend outside image
2023-12-09 16:58:05 ... 2023-12-09 16:58:05.001246: Bot has been reconnected to DESKTOP-FMK4SJ0
2023-12-09 16:58:07 ... 2023-12-09 16:58:07.014248: Crossword_Bot_Tester is ready!
2023-12-09 16:58:07 ... 2023-12-09 16:58:07.015251: Connected to Games Tracker
2023-12-09 16:58:09 ... 2023-12-09 16:58:09.951770: Message saved to file
2023-12-09 16:58:11 ... 2023-12-09 16:58:11.008318: Message saved to file
2023-12-09 16:58:11 ... 2023-12-09 16:58:11.009319: Games Tracker user svendiamond requested mini leaderboard for today.
2023-12-09 16:58:11 ... 2023-12-09 16:58:11.010318: Running query: 
            SELECT 
                game_rank,
                player_name,
                game_score,
                points
            FROM game_view
            WHERE guild_id = %s
            AND game_date BETWEEN %s AND %s
            AND game_name = %s
            ORDER BY game_rank;
         with params: ('1096943693463814167', '2023-12-09', '2023-12-09', 'mini')
2023-12-09 16:58:11 ... 2023-12-09 16:58:11.137486: Query to execute: 
            SELECT 
                game_rank,
                player_name,
                game_score,
                points
            FROM game_view
            WHERE guild_id = %s
            AND game_date BETWEEN %s AND %s
            AND game_name = %s
            ORDER BY game_rank;
        
2023-12-09 16:58:11 ... 2023-12-09 16:58:11.138485: Parameters to use: ('1096943693463814167', '2023-12-09', '2023-12-09', 'mini')
2023-12-09 16:58:16 ... 2023-12-09 16:58:16.433259: Error in bot_sql.py line 46: object NoneType can't be used in 'await' expression
2023-12-09 16:58:16 ... 2023-12-09 16:58:16.433259: Successfully ran the leaderboard query. Got 0 rows and put into dataframe
2023-12-09 16:58:16 ... 2023-12-09 16:58:16.447887: Error when trying to generate image: tile cannot extend outside image
2023-12-09 17:00:07 ... 2023-12-09 17:00:07.216357: Time to warn!
2023-12-09 17:00:12 ... 2023-12-09 17:00:12.218768: Posting Mini Warning for Games Tracker
2023-12-09 17:10:13 ... 2023-12-09 17:10:13.460268: Bot has been reconnected to DESKTOP-FMK4SJ0
2023-12-09 17:10:15 ... 2023-12-09 17:10:15.461844: Crossword_Bot_Tester is ready!
2023-12-09 17:10:15 ... 2023-12-09 17:10:15.462844: Connected to Games Tracker
2023-12-09 17:10:16 ... 2023-12-09 17:10:16.921495: Message saved to file
2023-12-09 17:10:16 ... 2023-12-09 17:10:16.922496: Games Tracker user svendiamond requested mini leaderboard for today.
2023-12-09 17:10:16 ... 2023-12-09 17:10:16.922496: Running query: 
            SELECT 
                game_rank,
                player_name,
                game_score,
                points
            FROM game_view
            WHERE guild_id = %s
            AND game_date BETWEEN %s AND %s
            AND game_name = %s
            ORDER BY game_rank;
         with params: ('1096943693463814167', '2023-12-09', '2023-12-09', 'mini')
2023-12-09 17:10:17 ... 2023-12-09 17:10:17.049172: Query to execute: 
            SELECT 
                game_rank,
                player_name,
                game_score,
                points
            FROM game_view
            WHERE guild_id = %s
            AND game_date BETWEEN %s AND %s
            AND game_name = %s
            ORDER BY game_rank;
        
2023-12-09 17:10:17 ... 2023-12-09 17:10:17.050675: Parameters to use: ('1096943693463814167', '2023-12-09', '2023-12-09', 'mini')
2023-12-09 17:10:22 ... 2023-12-09 17:10:22.519092: Error in bot_sql.py line 46: object NoneType can't be used in 'await' expression
2023-12-09 17:10:22 ... 2023-12-09 17:10:22.520600: Ran the leaderboard query. Got 0 rows and put into dataframe
2023-12-09 17:10:22 ... 2023-12-09 17:10:22.520600: The leaderboard is empty
2023-12-09 17:31:06 ... 2023-12-09 17:31:06.340136: Bot has been reconnected to DESKTOP-FMK4SJ0
2023-12-09 17:31:08 ... 2023-12-09 17:31:08.341422: Crossword_Bot_Tester is ready!
2023-12-09 17:31:08 ... 2023-12-09 17:31:08.343422: Connected to Games Tracker
2023-12-09 17:31:11 ... 2023-12-09 17:31:11.948326: Message saved to file
2023-12-09 17:31:59 ... 2023-12-09 17:31:59.525508: Message saved to file
2023-12-09 17:31:59 ... 2023-12-09 17:31:59.527240: Games Tracker user svendiamond requested mini leaderboard for today.
2023-12-09 17:31:59 ... 2023-12-09 17:31:59.528289: Running query: 
            SELECT 
                game_rank,
                player_name,
                game_score,
                points
            FROM game_view
            WHERE guild_id = %s
            AND game_date BETWEEN %s AND %s
            AND game_name = %s
            ORDER BY game_rank;
         with params: ('1096943693463814167', '2023-12-09', '2023-12-09', 'mini')
2023-12-09 17:31:59 ... 2023-12-09 17:31:59.656196: Query to execute: 
            SELECT 
                game_rank,
                player_name,
                game_score,
                points
            FROM game_view
            WHERE guild_id = %s
            AND game_date BETWEEN %s AND %s
            AND game_name = %s
            ORDER BY game_rank;
        
2023-12-09 17:31:59 ... 2023-12-09 17:31:59.657311: Parameters to use: ('1096943693463814167', '2023-12-09', '2023-12-09', 'mini')
2023-12-09 17:32:05 ... 2023-12-09 17:32:05.275947: Error in bot_sql.py line 46: object NoneType can't be used in 'await' expression
2023-12-09 17:32:05 ... 2023-12-09 17:32:05.275947: Ran the leaderboard query. Got 0 rows and put into dataframe
2023-12-09 17:32:05 ... 2023-12-09 17:32:05.277455: The leaderboard is empty
2023-12-09 17:38:37 ... 2023-12-09 17:38:37.252580: Bot has been reconnected to DESKTOP-FMK4SJ0
2023-12-09 17:38:39 ... 2023-12-09 17:38:39.256313: Crossword_Bot_Tester is ready!
2023-12-09 17:38:39 ... 2023-12-09 17:38:39.261846: Connected to Games Tracker
2023-12-09 17:39:16 ... 2023-12-09 17:39:16.314120: Message saved to file
2023-12-09 17:39:18 ... 2023-12-09 17:39:18.236143: Message saved to file
2023-12-09 17:39:18 ... 2023-12-09 17:39:18.236143: Games Tracker user svendiamond requested mini leaderboard for today.
2023-12-09 17:39:18 ... 2023-12-09 17:39:18.237143: Running query: 
            SELECT 
                game_rank,
                player_name,
                game_score,
                points
            FROM game_view
            WHERE guild_id = %s
            AND game_date BETWEEN %s AND %s
            AND game_name = %s
            ORDER BY game_rank;
         with params: ('1096943693463814167', '2023-12-09', '2023-12-09', 'mini')
2023-12-09 17:39:19 ... 2023-12-09 17:39:19.364994: connected to database
2023-12-09 17:39:19 ... 2023-12-09 17:39:19.365994: Query to execute: 
            SELECT 
                game_rank,
                player_name,
                game_score,
                points
            FROM game_view
            WHERE guild_id = %s
            AND game_date BETWEEN %s AND %s
            AND game_name = %s
            ORDER BY game_rank;
        
2023-12-09 17:39:19 ... 2023-12-09 17:39:19.365994: Parameters to use: ('1096943693463814167', '2023-12-09', '2023-12-09', 'mini')
2023-12-09 17:39:24 ... 2023-12-09 17:39:24.723038: Error in bot_sql.py line 46: object NoneType can't be used in 'await' expression
2023-12-09 17:39:24 ... 2023-12-09 17:39:24.724037: Ran the leaderboard query. Got 0 rows and put into dataframe
2023-12-09 17:39:24 ... 2023-12-09 17:39:24.725037: The leaderboard is empty
2023-12-09 17:47:35 ... 2023-12-09 17:47:35.672579: Bot has been reconnected to DESKTOP-FMK4SJ0
2023-12-09 17:47:37 ... 2023-12-09 17:47:37.675331: Crossword_Bot_Tester is ready!
2023-12-09 17:47:37 ... 2023-12-09 17:47:37.677141: Connected to Games Tracker
2023-12-09 17:47:46 ... 2023-12-09 17:47:46.704215: Message saved to file
2023-12-09 17:47:51 ... 2023-12-09 17:47:51.254453: Message saved to file
2023-12-09 17:47:51 ... 2023-12-09 17:47:51.255473: Games Tracker user svendiamond requested mini leaderboard for today.
2023-12-09 17:47:51 ... 2023-12-09 17:47:51.256502: Running query: 
            SELECT 
                game_rank,
                player_name,
                game_score,
                points
            FROM game_view
            WHERE guild_id = %s
            AND game_date BETWEEN %s AND %s
            AND game_name = %s
            ORDER BY game_rank;
         with params: ('1096943693463814167', '2023-12-09', '2023-12-09', 'mini')
2023-12-09 17:47:51 ... 2023-12-09 17:47:51.388926: connected to database
2023-12-09 17:47:51 ... 2023-12-09 17:47:51.388926: Query to execute: 
            SELECT 
                game_rank,
                player_name,
                game_score,
                points
            FROM game_view
            WHERE guild_id = %s
            AND game_date BETWEEN %s AND %s
            AND game_name = %s
            ORDER BY game_rank;
        
2023-12-09 17:47:51 ... 2023-12-09 17:47:51.389932: Parameters to use: ('1096943693463814167', '2023-12-09', '2023-12-09', 'mini')
2023-12-09 17:47:56 ... 2023-12-09 17:47:56.803760: made it to line 27
2023-12-09 17:47:56 ... 2023-12-09 17:47:56.803760: made it to line 29
2023-12-09 17:47:56 ... 2023-12-09 17:47:56.803760: Error in bot_sql.py line 46: object NoneType can't be used in 'await' expression
2023-12-09 17:47:56 ... 2023-12-09 17:47:56.804767: Ran the leaderboard query. Got 0 rows and put into dataframe
2023-12-09 17:47:56 ... 2023-12-09 17:47:56.804767: The leaderboard is empty
2023-12-09 17:56:57 ... 2023-12-09 17:56:57.352879: Bot has been reconnected to DESKTOP-FMK4SJ0
2023-12-09 17:56:59 ... 2023-12-09 17:56:59.357525: Crossword_Bot_Tester is ready!
2023-12-09 17:56:59 ... 2023-12-09 17:56:59.359525: Connected to Games Tracker
2023-12-09 17:57:01 ... 2023-12-09 17:57:01.465706: Message saved to file
2023-12-09 17:57:03 ... 2023-12-09 17:57:03.252838: Message saved to file
2023-12-09 17:57:03 ... 2023-12-09 17:57:03.253838: Games Tracker user svendiamond requested mini leaderboard for today.
2023-12-09 17:57:03 ... 2023-12-09 17:57:03.254838: Running query: 
            SELECT 
                game_rank,
                player_name,
                game_score,
                points
            FROM game_view
            WHERE guild_id = %s
            AND game_date BETWEEN %s AND %s
            AND game_name = %s
            ORDER BY game_rank;
         with params: ('1096943693463814167', '2023-12-09', '2023-12-09', 'mini')
2023-12-09 17:57:03 ... 2023-12-09 17:57:03.612023: connected to database
2023-12-09 17:57:03 ... 2023-12-09 17:57:03.613024: Parameters to use: ('1096943693463814167', '2023-12-09', '2023-12-09', 'mini')
2023-12-09 17:57:08 ... 2023-12-09 17:57:08.906115: made it to line 29
2023-12-09 17:57:08 ... 2023-12-09 17:57:08.907116: made it to line 31
2023-12-09 17:57:08 ... 2023-12-09 17:57:08.918731: Ran the leaderboard query. Got 2 rows and put into dataframe
2023-12-09 17:57:08 ... 2023-12-09 17:57:08.961849: successfully generated image
2023-12-09 17:57:23 ... 2023-12-09 17:57:23.725817: Message saved to file
2023-12-09 17:57:23 ... 2023-12-09 17:57:23.727260: Games Tracker user svendiamond requested mini leaderboard for this month.
2023-12-09 17:57:23 ... 2023-12-09 17:57:23.727769: Running query: 
            SELECT
                dense_rank() over(order by points desc) as overall_rank,
                x.player_name,
                x.points,
                x.wins,
                CONCAT(ROUND(x.top_3 * 100), '%') as top_3,
                CONCAT(ROUND(x.top_5 * 100), '%') as top_5,
                CONCAT(ROUND((x.games_played / max(x.games_played) over()) * 100), '%') as participation
            FROM
                    (
                    SELECT 
                        game_name,
                        player_name,
                        sum(points) as points,
                        sum(case when game_rank = 1 then 1 else 0 end) as wins,
                        sum(case when game_rank <= 3 then 1 else 0 end) / sum(1.0) as top_3,
                        sum(case when game_rank <= 5 then 1 else 0 end) / sum(1.0) as top_5,
                        sum(1) as games_played
                    FROM game_view
                    WHERE guild_id = %s
                    AND game_date BETWEEN %s AND %s
                    AND game_name = %s
                    GROUP BY 1,2
                    ) x
         with params: ('1096943693463814167', '2023-12-01', '2023-12-08', 'mini')
2023-12-09 17:57:23 ... 2023-12-09 17:57:23.866950: connected to database
2023-12-09 17:57:23 ... 2023-12-09 17:57:23.866950: Parameters to use: ('1096943693463814167', '2023-12-01', '2023-12-08', 'mini')
2023-12-09 17:57:23 ... 2023-12-09 17:57:23.867951: Error in bot_sql.py line 46: unsupported format character ''' (0x27) at index 221
2023-12-09 17:57:23 ... 2023-12-09 17:57:23.868460: Ran the leaderboard query. Got 0 rows and put into dataframe
2023-12-09 17:57:23 ... 2023-12-09 17:57:23.868460: The leaderboard is empty
2023-12-09 18:00:59 ... 2023-12-09 18:00:59.572880: Time to post final!
2023-12-09 18:01:04 ... 2023-12-09 18:01:04.588476: Posting Final Mini Leaderboard for Games Tracker
2023-12-09 18:01:04 ... 2023-12-09 18:01:04.588476: Running query: 
            SELECT 
                game_rank,
                player_name,
                game_score,
                points
            FROM game_view
            WHERE guild_id = %s
            AND game_date BETWEEN %s AND %s
            AND game_name = %s
            ORDER BY game_rank;
         with params: ('1096943693463814167', '2023-12-09', '2023-12-09', 'mini')
2023-12-09 18:01:04 ... 2023-12-09 18:01:04.726028: connected to database
2023-12-09 18:01:04 ... 2023-12-09 18:01:04.727031: Parameters to use: ('1096943693463814167', '2023-12-09', '2023-12-09', 'mini')
2023-12-09 18:01:12 ... 2023-12-09 18:01:12.146242: made it to line 29
2023-12-09 18:01:12 ... 2023-12-09 18:01:12.146242: made it to line 31
2023-12-09 18:01:12 ... 2023-12-09 18:01:12.147242: Ran the leaderboard query. Got 2 rows and put into dataframe
2023-12-09 18:01:12 ... 2023-12-09 18:01:12.158264: successfully generated image
2023-12-09 18:03:07 ... 2023-12-09 18:03:07.396733: Bot has been reconnected to DESKTOP-FMK4SJ0
2023-12-09 18:03:09 ... 2023-12-09 18:03:09.405029: Crossword_Bot_Tester is ready!
2023-12-09 18:03:09 ... 2023-12-09 18:03:09.407042: Connected to Games Tracker
2023-12-09 18:03:15 ... 2023-12-09 18:03:15.681298: Message saved to file
2023-12-09 18:03:15 ... 2023-12-09 18:03:15.681804: Games Tracker user svendiamond requested mini leaderboard for this month.
2023-12-09 18:03:15 ... 2023-12-09 18:03:15.685951: Running query: 
            SELECT
                dense_rank() over(order by points desc) as overall_rank,
                x.player_name,
                x.points,
                x.wins,
                CONCAT(ROUND(x.top_3 * 100), '%%') as top_3,
                CONCAT(ROUND(x.top_5 * 100), '%%') as top_5,
                CONCAT(ROUND((x.games_played / max(x.games_played) over()) * 100), '%%') as participation
            FROM
                    (
                    SELECT 
                        game_name,
                        player_name,
                        sum(points) as points,
                        sum(case when game_rank = 1 then 1 else 0 end) as wins,
                        sum(case when game_rank <= 3 then 1 else 0 end) / sum(1.0) as top_3,
                        sum(case when game_rank <= 5 then 1 else 0 end) / sum(1.0) as top_5,
                        sum(1) as games_played
                    FROM game_view
                    WHERE guild_id = %s
                    AND game_date BETWEEN %s AND %s
                    AND game_name = %s
                    GROUP BY 1,2
                    ) x
         with params: ('1096943693463814167', '2023-12-01', '2023-12-08', 'mini')
2023-12-09 18:03:15 ... 2023-12-09 18:03:15.812557: connected to database
2023-12-09 18:03:15 ... 2023-12-09 18:03:15.813763: Parameters to use: ('1096943693463814167', '2023-12-01', '2023-12-08', 'mini')
2023-12-09 18:03:20 ... 2023-12-09 18:03:20.882668: made it to line 29
2023-12-09 18:03:20 ... 2023-12-09 18:03:20.882668: made it to line 31
2023-12-09 18:03:20 ... 2023-12-09 18:03:20.884668: Ran the leaderboard query. Got 2 rows and put into dataframe
2023-12-09 18:03:20 ... 2023-12-09 18:03:20.931844: successfully generated image
2023-12-09 18:28:39 ... 2023-12-09 18:28:39.672820: Bot has been reconnected to DESKTOP-FMK4SJ0
2023-12-09 18:28:41 ... 2023-12-09 18:28:41.679951: Crossword_Bot is ready!
2023-12-09 18:28:41 ... 2023-12-09 18:28:41.681956: Connected to Tebbetts Server
2023-12-09 18:28:41 ... 2023-12-09 18:28:41.682956: Connected to Nerd City
2023-12-09 18:28:52 ... 2023-12-09 18:28:52.865928: Message saved to file
2023-12-09 18:28:55 ... 2023-12-09 18:28:55.720549: Message saved to file
2023-12-09 18:28:55 ... 2023-12-09 18:28:55.720549: Nerd City user svendiamond requested mini leaderboard for today.
2023-12-09 18:28:55 ... 2023-12-09 18:28:55.854938: connected to database
2023-12-09 18:28:55 ... 2023-12-09 18:28:55.855446: Parameters to use: ('672233217985871908', '2023-12-09', '2023-12-09', 'mini')
2023-12-09 18:29:01 ... 2023-12-09 18:29:01.575343: made it to line 29
2023-12-09 18:29:01 ... 2023-12-09 18:29:01.576351: made it to line 31
2023-12-09 18:29:01 ... 2023-12-09 18:29:01.576351: Ran the leaderboard query. Got 12 rows and put into dataframe
2023-12-09 18:29:01 ... 2023-12-09 18:29:01.612655: successfully generated image
2023-12-09 18:29:15 ... 2023-12-09 18:29:15.830450: Message saved to file
2023-12-09 18:29:15 ... 2023-12-09 18:29:15.830957: Nerd City user svendiamond requested mini leaderboard for today.
2023-12-09 18:29:15 ... 2023-12-09 18:29:15.971114: connected to database
2023-12-09 18:29:15 ... 2023-12-09 18:29:15.971114: Parameters to use: ('672233217985871908', '2023-12-09', '2023-12-09', 'mini')
2023-12-09 18:29:19 ... 2023-12-09 18:29:19.372736: Message saved to file
2023-12-09 18:29:21 ... 2023-12-09 18:29:21.623365: made it to line 29
2023-12-09 18:29:21 ... 2023-12-09 18:29:21.624756: made it to line 31
2023-12-09 18:29:21 ... 2023-12-09 18:29:21.624756: Ran the leaderboard query. Got 12 rows and put into dataframe
2023-12-09 18:29:21 ... 2023-12-09 18:29:21.650461: successfully generated image
2023-12-09 18:29:28 ... 2023-12-09 18:29:28.807338: Message saved to file
2023-12-09 18:37:38 ... 2023-12-09 18:37:38.101998: Message saved to file
2023-12-10 12:46:25 ... 2023-12-10 12:46:25.003174: Bot has been reconnected to DESKTOP-FMK4SJ0
2023-12-10 12:46:27 ... 2023-12-10 12:46:27.017004: Crossword_Bot_Tester is ready!
2023-12-10 12:46:27 ... 2023-12-10 12:46:27.033554: Connected to Games Tracker
2023-12-10 12:46:29 ... 2023-12-10 12:46:29.734554: Message saved to file
2023-12-10 13:03:06 ... 2023-12-10 13:03:06.422151: Bot has been reconnected to DESKTOP-FMK4SJ0
2023-12-10 13:03:08 ... 2023-12-10 13:03:08.427638: Crossword_Bot_Tester is ready!
2023-12-10 13:03:08 ... 2023-12-10 13:03:08.428638: Connected to Games Tracker
2023-12-10 13:03:24 ... 2023-12-10 13:03:24.068833: Message saved to file
2023-12-11 08:00:26 ... 2023-12-11 08:00:26.349654: Found 5 new mini score(s).
2023-12-11 08:00:26 ... 2023-12-11 08:00:26.609523: Successfully added score for: mbbananas
2023-12-11 08:00:26 ... 2023-12-11 08:00:26.610541: Successfully added score for: Aitchbee
2023-12-11 08:00:26 ... 2023-12-11 08:00:26.610541: Successfully added score for: Kyle
2023-12-11 08:00:26 ... 2023-12-11 08:00:26.610541: Successfully added score for: jeskaeli
2023-12-11 08:00:26 ... 2023-12-11 08:00:26.610541: Successfully added score for: Tuckle
2023-12-11 08:19:06 ... 2023-12-11 08:19:06.742681: Bot has been reconnected to DESKTOP-FMK4SJ0
2023-12-11 08:19:08 ... 2023-12-11 08:19:08.744878: Crossword_Bot_Tester is ready!
2023-12-11 08:19:08 ... 2023-12-11 08:19:08.746879: Connected to Games Tracker
